{"/home/wayne/Documents/code/nodejs/fp-ts-webdriver/src/index.ts": {"path":"/home/wayne/Documents/code/nodejs/fp-ts-webdriver/src/index.ts","statementMap":{"0":{"start":{"line":1,"column":0},"end":{"line":1,"column":40}},"1":{"start":{"line":2,"column":0},"end":{"line":2,"column":9}},"2":{"start":{"line":2,"column":9},"end":{"line":2,"column":48}}},"fnMap":{"0":{"name":"(anonymous_6)","decl":{"start":{"line":2,"column":9},"end":{"line":2,"column":23}},"loc":{"start":{"line":2,"column":9},"end":{"line":2,"column":48}}}},"branchMap":{},"s":{"0":1,"1":1,"2":1},"f":{"0":0},"b":{}}
,"/home/wayne/Documents/code/nodejs/fp-ts-webdriver/src/utils.ts": {"path":"/home/wayne/Documents/code/nodejs/fp-ts-webdriver/src/utils.ts","statementMap":{"0":{"start":{"line":1,"column":0},"end":{"line":1,"column":51}},"1":{"start":{"line":2,"column":0},"end":{"line":2,"column":50}},"2":{"start":{"line":3,"column":0},"end":{"line":3,"column":48}},"3":{"start":{"line":9,"column":26},"end":{"line":9,"column":73}},"4":{"start":{"line":9,"column":71},"end":{"line":9,"column":73}},"5":{"start":{"line":9,"column":13},"end":{"line":9,"column":26}},"6":{"start":{"line":11,"column":13},"end":{"line":15,"column":null}},"7":{"start":{"line":17,"column":29},"end":{"line":18,"column":43}},"8":{"start":{"line":18,"column":2},"end":{"line":18,"column":43}},"9":{"start":{"line":18,"column":28},"end":{"line":18,"column":42}},"10":{"start":{"line":17,"column":13},"end":{"line":17,"column":29}}},"fnMap":{"0":{"name":"(anonymous_1)","decl":{"start":{"line":9,"column":26},"end":{"line":9,"column":33}},"loc":{"start":{"line":9,"column":71},"end":{"line":9,"column":73}}},"1":{"name":"(anonymous_2)","decl":{"start":{"line":17,"column":29},"end":{"line":17,"column":30}},"loc":{"start":{"line":18,"column":2},"end":{"line":18,"column":43}}},"2":{"name":"(anonymous_3)","decl":{"start":{"line":18,"column":21},"end":{"line":18,"column":22}},"loc":{"start":{"line":18,"column":28},"end":{"line":18,"column":42}}}},"branchMap":{},"s":{"0":1,"1":1,"2":1,"3":1,"4":0,"5":1,"6":1,"7":1,"8":4,"9":0,"10":1},"f":{"0":0,"1":4,"2":0},"b":{}}
,"/home/wayne/Documents/code/nodejs/fp-ts-webdriver/src/webdriver.ts": {"path":"/home/wayne/Documents/code/nodejs/fp-ts-webdriver/src/webdriver.ts","statementMap":{"0":{"start":{"line":1,"column":0},"end":{"line":1,"column":null}},"1":{"start":{"line":7,"column":0},"end":{"line":7,"column":34}},"2":{"start":{"line":8,"column":0},"end":{"line":8,"column":61}},"3":{"start":{"line":11,"column":0},"end":{"line":11,"column":29}},"4":{"start":{"line":12,"column":0},"end":{"line":12,"column":46}},"5":{"start":{"line":43,"column":20},"end":{"line":61,"column":null}},"6":{"start":{"line":47,"column":2},"end":{"line":61,"column":null}},"7":{"start":{"line":50,"column":6},"end":{"line":54,"column":null}},"8":{"start":{"line":58,"column":6},"end":{"line":58,"column":72}},"9":{"start":{"line":61,"column":25},"end":{"line":61,"column":38}},"10":{"start":{"line":43,"column":13},"end":{"line":43,"column":20}},"11":{"start":{"line":67,"column":20},"end":{"line":68,"column":68}},"12":{"start":{"line":68,"column":2},"end":{"line":68,"column":68}},"13":{"start":{"line":72,"column":26},"end":{"line":76,"column":4}},"14":{"start":{"line":73,"column":2},"end":{"line":76,"column":4}},"15":{"start":{"line":72,"column":13},"end":{"line":72,"column":26}},"16":{"start":{"line":78,"column":53},"end":{"line":85,"column":4}},"17":{"start":{"line":79,"column":2},"end":{"line":85,"column":4}},"18":{"start":{"line":78,"column":13},"end":{"line":78,"column":53}},"19":{"start":{"line":87,"column":26},"end":{"line":95,"column":4}},"20":{"start":{"line":87,"column":67},"end":{"line":95,"column":4}},"21":{"start":{"line":88,"column":2},"end":{"line":95,"column":4}},"22":{"start":{"line":87,"column":13},"end":{"line":87,"column":26}},"23":{"start":{"line":97,"column":13},"end":{"line":100,"column":null}}},"fnMap":{"0":{"name":"(anonymous_6)","decl":{"start":{"line":43,"column":20},"end":{"line":43,"column":42}},"loc":{"start":{"line":47,"column":2},"end":{"line":61,"column":null}}},"1":{"name":"(anonymous_7)","decl":{"start":{"line":49,"column":22},"end":{"line":49,"column":25}},"loc":{"start":{"line":50,"column":6},"end":{"line":54,"column":null}}},"2":{"name":"(anonymous_8)","decl":{"start":{"line":57,"column":25},"end":{"line":57,"column":26}},"loc":{"start":{"line":58,"column":6},"end":{"line":58,"column":72}}},"3":{"name":"(anonymous_9)","decl":{"start":{"line":61,"column":12},"end":{"line":61,"column":13}},"loc":{"start":{"line":61,"column":25},"end":{"line":61,"column":38}}},"4":{"name":"(anonymous_10)","decl":{"start":{"line":67,"column":20},"end":{"line":67,"column":21}},"loc":{"start":{"line":68,"column":2},"end":{"line":68,"column":68}}},"5":{"name":"(anonymous_11)","decl":{"start":{"line":72,"column":26},"end":{"line":72,"column":27}},"loc":{"start":{"line":73,"column":2},"end":{"line":76,"column":4}}},"6":{"name":"(anonymous_12)","decl":{"start":{"line":78,"column":53},"end":{"line":78,"column":54}},"loc":{"start":{"line":79,"column":2},"end":{"line":85,"column":4}}},"7":{"name":"(anonymous_13)","decl":{"start":{"line":87,"column":26},"end":{"line":87,"column":27}},"loc":{"start":{"line":87,"column":67},"end":{"line":95,"column":4}}},"8":{"name":"(anonymous_14)","decl":{"start":{"line":87,"column":67},"end":{"line":87,"column":68}},"loc":{"start":{"line":88,"column":2},"end":{"line":95,"column":4}}}},"branchMap":{"0":{"loc":{"start":{"line":57,"column":47},"end":{"line":57,"column":49}},"type":"default-arg","locations":[{"start":{"line":57,"column":47},"end":{"line":57,"column":49}}]}},"s":{"0":1,"1":1,"2":1,"3":1,"4":1,"5":1,"6":8,"7":8,"8":8,"9":8,"10":1,"11":1,"12":4,"13":1,"14":3,"15":1,"16":1,"17":3,"18":1,"19":1,"20":1,"21":1,"22":1,"23":1},"f":{"0":8,"1":8,"2":8,"3":8,"4":4,"5":3,"6":3,"7":1,"8":1},"b":{"0":[8]}}
,"/home/wayne/Documents/code/nodejs/fp-ts-webdriver/src/codecs/helpers.ts": {"path":"/home/wayne/Documents/code/nodejs/fp-ts-webdriver/src/codecs/helpers.ts","statementMap":{"0":{"start":{"line":1,"column":0},"end":{"line":1,"column":63}},"1":{"start":{"line":2,"column":0},"end":{"line":2,"column":32}},"2":{"start":{"line":3,"column":0},"end":{"line":3,"column":34}},"3":{"start":{"line":33,"column":2},"end":{"line":33,"column":null}},"4":{"start":{"line":30,"column":0},"end":{"line":30,"column":16}},"5":{"start":{"line":36,"column":13},"end":{"line":36,"column":null}},"6":{"start":{"line":38,"column":13},"end":{"line":42,"column":null}},"7":{"start":{"line":44,"column":13},"end":{"line":48,"column":null}},"8":{"start":{"line":50,"column":13},"end":{"line":52,"column":null}},"9":{"start":{"line":51,"column":31},"end":{"line":51,"column":35}},"10":{"start":{"line":54,"column":13},"end":{"line":56,"column":null}},"11":{"start":{"line":55,"column":32},"end":{"line":55,"column":36}},"12":{"start":{"line":58,"column":13},"end":{"line":61,"column":null}},"13":{"start":{"line":63,"column":13},"end":{"line":68,"column":null}},"14":{"start":{"line":70,"column":13},"end":{"line":70,"column":null}},"15":{"start":{"line":72,"column":13},"end":{"line":75,"column":null}}},"fnMap":{"0":{"name":"Success","decl":{"start":{"line":30,"column":16},"end":{"line":30,"column":23}},"loc":{"start":{"line":31,"column":30},"end":{"line":34,"column":1}}},"1":{"name":"(anonymous_7)","decl":{"start":{"line":51,"column":25},"end":{"line":51,"column":28}},"loc":{"start":{"line":51,"column":31},"end":{"line":51,"column":35}}},"2":{"name":"(anonymous_8)","decl":{"start":{"line":55,"column":26},"end":{"line":55,"column":29}},"loc":{"start":{"line":55,"column":32},"end":{"line":55,"column":36}}}},"branchMap":{},"s":{"0":1,"1":1,"2":1,"3":8,"4":1,"5":1,"6":1,"7":1,"8":1,"9":0,"10":1,"11":0,"12":1,"13":1,"14":1,"15":1},"f":{"0":8,"1":0,"2":0},"b":{}}
,"/home/wayne/Documents/code/nodejs/fp-ts-webdriver/src/codecs/index.ts": {"path":"/home/wayne/Documents/code/nodejs/fp-ts-webdriver/src/codecs/index.ts","statementMap":{"0":{"start":{"line":1,"column":0},"end":{"line":1,"column":41}},"1":{"start":{"line":2,"column":0},"end":{"line":2,"column":37}},"2":{"start":{"line":3,"column":0},"end":{"line":3,"column":26}},"3":{"start":{"line":4,"column":0},"end":{"line":4,"column":29}},"4":{"start":{"line":5,"column":0},"end":{"line":5,"column":25}}},"fnMap":{},"branchMap":{},"s":{"0":1,"1":1,"2":1,"3":1,"4":1},"f":{},"b":{}}
,"/home/wayne/Documents/code/nodejs/fp-ts-webdriver/src/codecs/new-session.ts": {"path":"/home/wayne/Documents/code/nodejs/fp-ts-webdriver/src/codecs/new-session.ts","statementMap":{"0":{"start":{"line":1,"column":0},"end":{"line":1,"column":41}},"1":{"start":{"line":2,"column":0},"end":{"line":2,"column":32}},"2":{"start":{"line":3,"column":0},"end":{"line":3,"column":38}},"3":{"start":{"line":4,"column":0},"end":{"line":4,"column":56}},"4":{"start":{"line":10,"column":13},"end":{"line":13,"column":null}}},"fnMap":{},"branchMap":{},"s":{"0":1,"1":1,"2":1,"3":1,"4":1},"f":{},"b":{}}
,"/home/wayne/Documents/code/nodejs/fp-ts-webdriver/src/codecs/processing-capabilities.ts": {"path":"/home/wayne/Documents/code/nodejs/fp-ts-webdriver/src/codecs/processing-capabilities.ts","statementMap":{"0":{"start":{"line":5,"column":0},"end":{"line":5,"column":64}},"1":{"start":{"line":6,"column":0},"end":{"line":6,"column":47}},"2":{"start":{"line":7,"column":0},"end":{"line":7,"column":32}},"3":{"start":{"line":8,"column":0},"end":{"line":8,"column":34}},"4":{"start":{"line":9,"column":0},"end":{"line":9,"column":32}},"5":{"start":{"line":10,"column":0},"end":{"line":10,"column":44}},"6":{"start":{"line":11,"column":0},"end":{"line":11,"column":58}},"7":{"start":{"line":12,"column":0},"end":{"line":12,"column":37}},"8":{"start":{"line":43,"column":13},"end":{"line":57,"column":null}},"9":{"start":{"line":59,"column":13},"end":{"line":63,"column":null}},"10":{"start":{"line":65,"column":13},"end":{"line":75,"column":null}},"11":{"start":{"line":77,"column":27},"end":{"line":77,"column":68}},"12":{"start":{"line":79,"column":23},"end":{"line":83,"column":2}},"13":{"start":{"line":81,"column":27},"end":{"line":83,"column":2}},"14":{"start":{"line":82,"column":30},"end":{"line":82,"column":58}},"15":{"start":{"line":85,"column":29},"end":{"line":93,"column":null}},"16":{"start":{"line":88,"column":2},"end":{"line":93,"column":null}},"17":{"start":{"line":90,"column":48},"end":{"line":90,"column":75}},"18":{"start":{"line":85,"column":13},"end":{"line":85,"column":29}},"19":{"start":{"line":96,"column":13},"end":{"line":102,"column":null}}},"fnMap":{"0":{"name":"(anonymous_6)","decl":{"start":{"line":79,"column":23},"end":{"line":79,"column":null}},"loc":{"start":{"line":81,"column":27},"end":{"line":83,"column":2}}},"1":{"name":"(anonymous_7)","decl":{"start":{"line":82,"column":6},"end":{"line":82,"column":7}},"loc":{"start":{"line":82,"column":30},"end":{"line":82,"column":58}}},"2":{"name":"(anonymous_8)","decl":{"start":{"line":85,"column":29},"end":{"line":85,"column":null}},"loc":{"start":{"line":88,"column":2},"end":{"line":93,"column":null}}},"3":{"name":"(anonymous_9)","decl":{"start":{"line":90,"column":31},"end":{"line":90,"column":32}},"loc":{"start":{"line":90,"column":48},"end":{"line":90,"column":75}}}},"branchMap":{},"s":{"0":1,"1":1,"2":1,"3":1,"4":1,"5":1,"6":1,"7":1,"8":1,"9":1,"10":1,"11":1,"12":1,"13":0,"14":0,"15":1,"16":1,"17":0,"18":1,"19":1},"f":{"0":0,"1":0,"2":1,"3":0},"b":{}}
,"/home/wayne/Documents/code/nodejs/fp-ts-webdriver/src/codecs/proxy-configuration.ts": {"path":"/home/wayne/Documents/code/nodejs/fp-ts-webdriver/src/codecs/proxy-configuration.ts","statementMap":{"0":{"start":{"line":1,"column":0},"end":{"line":1,"column":41}},"1":{"start":{"line":2,"column":0},"end":{"line":2,"column":32}},"2":{"start":{"line":3,"column":0},"end":{"line":3,"column":34}},"3":{"start":{"line":40,"column":13},"end":{"line":40,"column":null}},"4":{"start":{"line":42,"column":13},"end":{"line":44,"column":null}},"5":{"start":{"line":46,"column":21},"end":{"line":46,"column":37}},"6":{"start":{"line":48,"column":13},"end":{"line":55,"column":null}},"7":{"start":{"line":57,"column":24},"end":{"line":57,"column":43}},"8":{"start":{"line":59,"column":13},"end":{"line":71,"column":null}},"9":{"start":{"line":73,"column":13},"end":{"line":84,"column":null}},"10":{"start":{"line":86,"column":13},"end":{"line":89,"column":null}}},"fnMap":{},"branchMap":{},"s":{"0":1,"1":1,"2":1,"3":1,"4":1,"5":1,"6":1,"7":1,"8":1,"9":1,"10":1},"f":{},"b":{}}
,"/home/wayne/Documents/code/nodejs/fp-ts-webdriver/src/codecs/timeouts.ts": {"path":"/home/wayne/Documents/code/nodejs/fp-ts-webdriver/src/codecs/timeouts.ts","statementMap":{"0":{"start":{"line":1,"column":0},"end":{"line":1,"column":32}},"1":{"start":{"line":24,"column":13},"end":{"line":28,"column":null}}},"fnMap":{},"branchMap":{},"s":{"0":1,"1":1},"f":{},"b":{}}
,"/home/wayne/Documents/code/nodejs/fp-ts-webdriver/src/fp-ts-modules/ReaderIOEither.ts": {"path":"/home/wayne/Documents/code/nodejs/fp-ts-webdriver/src/fp-ts-modules/ReaderIOEither.ts","statementMap":{"0":{"start":{"line":1,"column":0},"end":{"line":1,"column":null}},"1":{"start":{"line":11,"column":0},"end":{"line":11,"column":51}},"2":{"start":{"line":13,"column":10},"end":{"line":13,"column":39}},"3":{"start":{"line":15,"column":15},"end":{"line":15,"column":null}},"4":{"start":{"line":20,"column":13},"end":{"line":20,"column":null}},"5":{"start":{"line":29,"column":13},"end":{"line":29,"column":47}},"6":{"start":{"line":31,"column":13},"end":{"line":33,"column":null}},"7":{"start":{"line":33,"column":21},"end":{"line":33,"column":44}},"8":{"start":{"line":33,"column":27},"end":{"line":33,"column":44}},"9":{"start":{"line":36,"column":13},"end":{"line":38,"column":null}},"10":{"start":{"line":38,"column":18},"end":{"line":38,"column":38}},"11":{"start":{"line":38,"column":24},"end":{"line":38,"column":38}},"12":{"start":{"line":41,"column":32},"end":{"line":43,"column":61}},"13":{"start":{"line":43,"column":30},"end":{"line":43,"column":61}},"14":{"start":{"line":41,"column":13},"end":{"line":41,"column":32}},"15":{"start":{"line":45,"column":13},"end":{"line":45,"column":59}},"16":{"start":{"line":47,"column":15},"end":{"line":47,"column":null}},"17":{"start":{"line":49,"column":13},"end":{"line":60,"column":null}},"18":{"start":{"line":63,"column":31},"end":{"line":71,"column":null}},"19":{"start":{"line":63,"column":79},"end":{"line":71,"column":null}},"20":{"start":{"line":69,"column":2},"end":{"line":71,"column":null}},"21":{"start":{"line":71,"column":18},"end":{"line":71,"column":45}},"22":{"start":{"line":63,"column":13},"end":{"line":63,"column":31}}},"fnMap":{"0":{"name":"(anonymous_0)","decl":{"start":{"line":33,"column":14},"end":{"line":33,"column":15}},"loc":{"start":{"line":33,"column":21},"end":{"line":33,"column":44}}},"1":{"name":"(anonymous_1)","decl":{"start":{"line":33,"column":21},"end":{"line":33,"column":24}},"loc":{"start":{"line":33,"column":27},"end":{"line":33,"column":44}}},"2":{"name":"(anonymous_2)","decl":{"start":{"line":38,"column":10},"end":{"line":38,"column":11}},"loc":{"start":{"line":38,"column":18},"end":{"line":38,"column":38}}},"3":{"name":"(anonymous_3)","decl":{"start":{"line":38,"column":18},"end":{"line":38,"column":21}},"loc":{"start":{"line":38,"column":24},"end":{"line":38,"column":38}}},"4":{"name":"(anonymous_4)","decl":{"start":{"line":41,"column":32},"end":{"line":41,"column":null}},"loc":{"start":{"line":43,"column":30},"end":{"line":43,"column":61}}},"5":{"name":"(anonymous_5)","decl":{"start":{"line":63,"column":31},"end":{"line":63,"column":41}},"loc":{"start":{"line":63,"column":79},"end":{"line":71,"column":null}}},"6":{"name":"(anonymous_6)","decl":{"start":{"line":63,"column":79},"end":{"line":63,"column":null}},"loc":{"start":{"line":69,"column":2},"end":{"line":71,"column":null}}},"7":{"name":"(anonymous_7)","decl":{"start":{"line":71,"column":10},"end":{"line":71,"column":11}},"loc":{"start":{"line":71,"column":18},"end":{"line":71,"column":45}}}},"branchMap":{},"s":{"0":1,"1":1,"2":1,"3":1,"4":1,"5":1,"6":1,"7":0,"8":0,"9":1,"10":0,"11":0,"12":1,"13":0,"14":1,"15":1,"16":1,"17":1,"18":1,"19":0,"20":0,"21":0,"22":1},"f":{"0":0,"1":0,"2":0,"3":0,"4":0,"5":0,"6":0,"7":0},"b":{}}
,"/home/wayne/Documents/code/nodejs/fp-ts-webdriver/src/fp-ts-modules/index.ts": {"path":"/home/wayne/Documents/code/nodejs/fp-ts-webdriver/src/fp-ts-modules/index.ts","statementMap":{"0":{"start":{"line":1,"column":0},"end":{"line":1,"column":50}}},"fnMap":{},"branchMap":{},"s":{"0":1},"f":{},"b":{}}
}
