TN:
SF:src/index.ts
FN:2,(anonymous_6)
FNF:1
FNH:0
FNDA:0,(anonymous_6)
DA:1,1
DA:2,1
LF:2
LH:2
BRF:0
BRH:0
end_of_record
TN:
SF:src/utils.ts
FN:9,(anonymous_1)
FN:17,(anonymous_2)
FN:18,(anonymous_3)
FNF:3
FNH:1
FNDA:0,(anonymous_1)
FNDA:4,(anonymous_2)
FNDA:0,(anonymous_3)
DA:1,1
DA:2,1
DA:3,1
DA:9,1
DA:11,1
DA:17,1
DA:18,4
LF:7
LH:7
BRF:0
BRH:0
end_of_record
TN:
SF:src/webdriver.ts
FN:43,(anonymous_6)
FN:49,(anonymous_7)
FN:57,(anonymous_8)
FN:61,(anonymous_9)
FN:67,(anonymous_10)
FN:72,(anonymous_11)
FN:78,(anonymous_12)
FN:87,(anonymous_13)
FN:87,(anonymous_14)
FNF:9
FNH:9
FNDA:8,(anonymous_6)
FNDA:8,(anonymous_7)
FNDA:8,(anonymous_8)
FNDA:8,(anonymous_9)
FNDA:4,(anonymous_10)
FNDA:3,(anonymous_11)
FNDA:3,(anonymous_12)
FNDA:1,(anonymous_13)
FNDA:1,(anonymous_14)
DA:1,1
DA:7,1
DA:8,1
DA:11,1
DA:12,1
DA:43,1
DA:47,8
DA:50,8
DA:58,8
DA:61,8
DA:67,1
DA:68,4
DA:72,1
DA:73,3
DA:78,1
DA:79,3
DA:87,1
DA:88,1
DA:97,1
LF:19
LH:19
BRDA:57,0,0,8
BRF:1
BRH:1
end_of_record
TN:
SF:src/codecs/helpers.ts
FN:30,Success
FN:51,(anonymous_7)
FN:55,(anonymous_8)
FNF:3
FNH:1
FNDA:8,Success
FNDA:0,(anonymous_7)
FNDA:0,(anonymous_8)
DA:1,1
DA:2,1
DA:3,1
DA:30,1
DA:33,8
DA:36,1
DA:38,1
DA:44,1
DA:50,1
DA:51,0
DA:54,1
DA:55,0
DA:58,1
DA:63,1
DA:70,1
DA:72,1
LF:16
LH:14
BRF:0
BRH:0
end_of_record
TN:
SF:src/codecs/index.ts
FNF:0
FNH:0
DA:1,1
DA:2,1
DA:3,1
DA:4,1
DA:5,1
LF:5
LH:5
BRF:0
BRH:0
end_of_record
TN:
SF:src/codecs/new-session.ts
FNF:0
FNH:0
DA:1,1
DA:2,1
DA:3,1
DA:4,1
DA:10,1
LF:5
LH:5
BRF:0
BRH:0
end_of_record
TN:
SF:src/codecs/processing-capabilities.ts
FN:79,(anonymous_6)
FN:82,(anonymous_7)
FN:85,(anonymous_8)
FN:90,(anonymous_9)
FNF:4
FNH:1
FNDA:0,(anonymous_6)
FNDA:0,(anonymous_7)
FNDA:1,(anonymous_8)
FNDA:0,(anonymous_9)
DA:5,1
DA:6,1
DA:7,1
DA:8,1
DA:9,1
DA:10,1
DA:11,1
DA:12,1
DA:43,1
DA:59,1
DA:65,1
DA:77,1
DA:79,1
DA:81,0
DA:82,0
DA:85,1
DA:88,1
DA:90,0
DA:96,1
LF:19
LH:16
BRF:0
BRH:0
end_of_record
TN:
SF:src/codecs/proxy-configuration.ts
FNF:0
FNH:0
DA:1,1
DA:2,1
DA:3,1
DA:40,1
DA:42,1
DA:46,1
DA:48,1
DA:57,1
DA:59,1
DA:73,1
DA:86,1
LF:11
LH:11
BRF:0
BRH:0
end_of_record
TN:
SF:src/codecs/timeouts.ts
FNF:0
FNH:0
DA:1,1
DA:24,1
LF:2
LH:2
BRF:0
BRH:0
end_of_record
TN:
SF:src/fp-ts-modules/ReaderIOEither.ts
FN:33,(anonymous_0)
FN:33,(anonymous_1)
FN:38,(anonymous_2)
FN:38,(anonymous_3)
FN:41,(anonymous_4)
FN:63,(anonymous_5)
FN:63,(anonymous_6)
FN:71,(anonymous_7)
FNF:8
FNH:0
FNDA:0,(anonymous_0)
FNDA:0,(anonymous_1)
FNDA:0,(anonymous_2)
FNDA:0,(anonymous_3)
FNDA:0,(anonymous_4)
FNDA:0,(anonymous_5)
FNDA:0,(anonymous_6)
FNDA:0,(anonymous_7)
DA:1,1
DA:11,1
DA:13,1
DA:15,1
DA:20,1
DA:29,1
DA:31,1
DA:33,0
DA:36,1
DA:38,0
DA:41,1
DA:43,0
DA:45,1
DA:47,1
DA:49,1
DA:63,1
DA:69,0
DA:71,0
LF:18
LH:13
BRF:0
BRH:0
end_of_record
TN:
SF:src/fp-ts-modules/index.ts
FNF:0
FNH:0
DA:1,1
LF:1
LH:1
BRF:0
BRH:0
end_of_record
